<?xml version="1.0" encoding="UTF-8"?>
<testsuite name="Task.Types.AppTest" tests="1" skipped="0" failures="0" errors="0" timestamp="2023-11-22T19:04:07" hostname="AMPCEET100" time="0.002">
  <properties/>
  <testcase name="testAppHasAGreeting" classname="Task.Types.AppTest" time="0.002"/>
  <system-out><![CDATA[]]></system-out>
  <system-err><![CDATA[]]></system-err>
</testsuite>
